<?xml version="1.0" encoding="UTF-8"?>
<testsuite xmlns:xsi="http://www.w3.org/2001/XMLSchema-instance" xsi:noNamespaceSchemaLocation="https://maven.apache.org/surefire/maven-surefire-plugin/xsd/surefire-test-report.xsd" name="com.wissem.produits.ProduitsApplicationTests" time="7.611" tests="6" errors="3" skipped="0" failures="0">
  <properties>
[...]
</properties>
  <testcase name="testFindByNomProduitContains" classname="com.wissem.produits.ProduitsApplicationTests" time="0.483"/>
  <testcase name="testCreateProduit" classname="com.wissem.produits.ProduitsApplicationTests" time="0.024"/>
  <testcase name="testFindProduit" classname="com.wissem.produits.ProduitsApplicationTests" time="0.019">
    <error message="No value present" type="java.util.NoSuchElementException">java.util.NoSuchElementException: No value present
	at com.wissem.produits.ProduitsApplicationTests.testFindProduit(ProduitsApplicationTests.java:32)
</error>
    <system-out><![CDATA[Hibernate: select produit0_.id_produit as id_produ1_0_0_, produit0_.date_creation as date_cre2_0_0_, produit0_.nom_produit as nom_prod3_0_0_, produit0_.prix_produit as prix_pro4_0_0_ from produit produit0_ where produit0_.id_produit=?
]]></system-out>
  </testcase>
  <testcase name="testUpdateProduit" classname="com.wissem.produits.ProduitsApplicationTests" time="0.005">
    <error message="No value present" type="java.util.NoSuchElementException">java.util.NoSuchElementException: No value present
	at com.wissem.produits.ProduitsApplicationTests.testUpdateProduit(ProduitsApplicationTests.java:38)
</error>
    <system-out><![CDATA[Hibernate: select produit0_.id_produit as id_produ1_0_0_, produit0_.date_creation as date_cre2_0_0_, produit0_.nom_produit as nom_prod3_0_0_, produit0_.prix_produit as prix_pro4_0_0_ from produit produit0_ where produit0_.id_produit=?
]]></system-out>
  </testcase>
  <testcase name="testListerTousProduits" classname="com.wissem.produits.ProduitsApplicationTests" time="0.017"/>
  <testcase name="testDeleteProduit" classname="com.wissem.produits.ProduitsApplicationTests" time="0.01">
    <error message="No class com.wissem.produits.entities.Produit entity with id 1 exists!" type="org.springframework.dao.EmptyResultDataAccessException">org.springframework.dao.EmptyResultDataAccessException: No class com.wissem.produits.entities.Produit entity with id 1 exists!
	at com.wissem.produits.ProduitsApplicationTests.testDeleteProduit(ProduitsApplicationTests.java:44)
</error>
    <system-out><![CDATA[Hibernate: select produit0_.id_produit as id_produ1_0_0_, produit0_.date_creation as date_cre2_0_0_, produit0_.nom_produit as nom_prod3_0_0_, produit0_.prix_produit as prix_pro4_0_0_ from produit produit0_ where produit0_.id_produit=?
]]></system-out>
  </testcase>
</testsuite>